2025-01-05 18:13:46,421 - INFO - work center 0 contains machine [0, 1]
2025-01-05 18:13:46,421 - INFO - Initial 2 jobs at workcenter 0 are:
2025-01-05 18:13:46,424 - INFO - Production Log:
+------+-------+---------------------+------+
| idx. | sqc.  |       proc.t.       | due  |
+------+-------+---------------------+------+
|  0   | [1 2] | [20  1  3 15 14 15] | 60.0 |
|  1   | [1 2] | [12 21  1 17  1 14] | 41.0 |
+------+-------+---------------------+------+
2025-01-05 18:13:46,425 - INFO - work center 1 contains machine [2, 3]
2025-01-05 18:13:46,425 - INFO - Initial 2 jobs at workcenter 1 are:
2025-01-05 18:13:46,426 - INFO - Production Log:
+------+-------+---------------------+------+
| idx. | sqc.  |       proc.t.       | due  |
+------+-------+---------------------+------+
|  2   | [0 2] | [23  4 10  1 17  6] | 39.0 |
|  3   | [0 2] | [24 16 19  7 22 19] | 91.0 |
+------+-------+---------------------+------+
2025-01-05 18:13:46,427 - INFO - work center 2 contains machine [4, 5]
2025-01-05 18:13:46,427 - INFO - Initial 2 jobs at workcenter 2 are:
2025-01-05 18:13:46,428 - INFO - Production Log:
+------+-------+---------------------+------+
| idx. | sqc.  |       proc.t.       | due  |
+------+-------+---------------------+------+
|  4   | [0 1] | [ 2  6  6 13 22 16] | 49.0 |
|  5   | [0 1] | [23 22 17 21 23  5] | 59.0 |
+------+-------+---------------------+------+
2025-01-05 18:13:46,428 - INFO - machine 0 belongs to work center 0
2025-01-05 18:13:46,428 - INFO - Initial 1 jobs at machine 0 are:
2025-01-05 18:13:46,429 - INFO - Production Log:
+------+-------+---------------------+-------+------+
| idx. | sqc.  |       proc.t.       | slack | due  |
+------+-------+---------------------+-------+------+
|  0   | [1 2] | [20  1  3 15 14 15] | 10.0  | 60.0 |
+------+-------+---------------------+-------+------+
2025-01-05 18:13:46,429 - INFO - machine 1 belongs to work center 0
2025-01-05 18:13:46,429 - INFO - Initial 1 jobs at machine 1 are:
2025-01-05 18:13:46,430 - INFO - Production Log:
+------+-------+---------------------+-------+------+
| idx. | sqc.  |       proc.t.       | slack | due  |
+------+-------+---------------------+-------+------+
|  1   | [1 2] | [12 21  1 17  1 14] | -11.0 | 41.0 |
+------+-------+---------------------+-------+------+
2025-01-05 18:13:46,430 - INFO - machine 2 belongs to work center 1
2025-01-05 18:13:46,430 - INFO - Initial 1 jobs at machine 2 are:
2025-01-05 18:13:46,431 - INFO - Production Log:
+------+-------+---------------------+-------+------+
| idx. | sqc.  |       proc.t.       | slack | due  |
+------+-------+---------------------+-------+------+
|  2   | [0 2] | [23  4 10  1 17  6] | -11.0 | 39.0 |
+------+-------+---------------------+-------+------+
2025-01-05 18:13:46,431 - INFO - machine 3 belongs to work center 1
2025-01-05 18:13:46,431 - INFO - Initial 1 jobs at machine 3 are:
2025-01-05 18:13:46,432 - INFO - Production Log:
+------+-------+---------------------+-------+------+
| idx. | sqc.  |       proc.t.       | slack | due  |
+------+-------+---------------------+-------+------+
|  3   | [0 2] | [24 16 19  7 22 19] | 26.0  | 91.0 |
+------+-------+---------------------+-------+------+
2025-01-05 18:13:46,432 - INFO - machine 4 belongs to work center 2
2025-01-05 18:13:46,432 - INFO - Initial 1 jobs at machine 4 are:
2025-01-05 18:13:46,432 - INFO - Production Log:
+------+-------+---------------------+-------+------+
| idx. | sqc.  |       proc.t.       | slack | due  |
+------+-------+---------------------+-------+------+
|  4   | [0 1] | [ 2  6  6 13 22 16] |  8.0  | 49.0 |
+------+-------+---------------------+-------+------+
2025-01-05 18:13:46,433 - INFO - machine 5 belongs to work center 2
2025-01-05 18:13:46,433 - INFO - Initial 1 jobs at machine 5 are:
2025-01-05 18:13:46,433 - INFO - Production Log:
+------+-------+---------------------+-------+------+
| idx. | sqc.  |       proc.t.       | slack | due  |
+------+-------+---------------------+-------+------+
|  5   | [0 1] | [23 22 17 21 23  5] | -8.0  | 59.0 |
+------+-------+---------------------+-------+------+
2025-01-05 18:13:46,434 - INFO - One queue: Machine 0 process job 0 at time 0
2025-01-05 18:13:46,434 - INFO - One queue: Machine 1 process job 1 at time 0
2025-01-05 18:13:46,434 - INFO - One queue: Machine 2 process job 2 at time 0
2025-01-05 18:13:46,435 - INFO - One queue: Machine 3 process job 3 at time 0
2025-01-05 18:13:46,435 - INFO - One queue: Machine 4 process job 4 at time 0
2025-01-05 18:13:46,435 - INFO - One queue: Machine 5 process job 5 at time 0
2025-01-05 18:13:46,436 - INFO - ROUTING: Job 6 to machine 3 at time 2.0
2025-01-05 18:13:46,437 - INFO - ROUTING Log:
+-------+-----------+-----------------------------------+-------------------+-------------------+
| queue | queue[0]. |           routing_data            | machine_condition |    current_pt     |
+-------+-----------+-----------------------------------+-------------------+-------------------+
|  [6]  |    [6]    | [[10, 8.0, 1, 0], [7, 5.0, 1, 0]] |       [1 1]       | [array([21,  1])] |
+-------+-----------+-----------------------------------+-------------------+-------------------+
2025-01-05 18:13:46,437 - INFO - completion: Job 5 leave machine 5 at time 5
2025-01-05 18:13:46,437 - INFO - OPERATION: Job 5 output from machine 5 at time 5
2025-01-05 18:13:46,437 - INFO - ROUTING: Job 5 to machine 0 at time 5
2025-01-05 18:13:46,438 - INFO - ROUTING Log:
+-------+-----------+----------------------------------+-------------------+-------------------+
| queue | queue[0]. |           routing_data           | machine_condition |    current_pt     |
+-------+-----------+----------------------------------+-------------------+-------------------+
|  [5]  |    [5]    | [[20, 15, 1, 0], [21, 16, 1, 0]] |       [1 1]       | [array([23, 22])] |
+-------+-----------+----------------------------------+-------------------+-------------------+
2025-01-05 18:13:46,438 - INFO - ROUTING: Job 7 to machine 3 at time 5.0
2025-01-05 18:13:46,439 - INFO - ROUTING Log:
+-------+-----------+-----------------------------------+-------------------+-------------------+
| queue | queue[0]. |           routing_data            | machine_condition |    current_pt     |
+-------+-----------+-----------------------------------+-------------------+-------------------+
|  [7]  |    [7]    | [[10, 5.0, 1, 0], [8, 3.0, 2, 0]] |       [1 1]       | [array([ 7, 20])] |
+-------+-----------+-----------------------------------+-------------------+-------------------+
2025-01-05 18:13:46,439 - INFO - completion: Job 3 leave machine 3 at time 7
2025-01-05 18:13:46,439 - INFO - OPERATION: Job 3 output from machine 3 at time 7
2025-01-05 18:13:46,442 - INFO - Production Log:
+------------+------------------+--------------------+---------+-----------------+---------------+-------------+-------------+-------------+-------------+-----------------+-------------+--------+--------+-------+
| current_pt | remaining_job_pt | np.array(due_list) | env.now | completion_rate | time_till_due |    slack    |    winq     |    avlm     |   next_pt   | remaining_no_op | waited_time | wc_idx | queue  | m_idx |
+------------+------------------+--------------------+---------+-----------------+---------------+-------------+-------------+-------------+-------------+-----------------+-------------+--------+--------+-------+
|  [ 1 20]   |   [18.5 19.5]    |     [44. 58.]      |    7    |     [0. 0.]     |   [37. 51.]   | [17.5 11.5] | [20.5 13.5] | [15.5 15. ] | [10.5  5. ] |      [2 2]      |    [0 0]    |   1    | [6, 7] |   3   |
+------------+------------------+--------------------+---------+-----------------+---------------+-------------+-------------+-------------+-------------+-----------------+-------------+--------+--------+-------+
2025-01-05 18:13:46,442 - INFO - Sequencing: Machine 3 choose job 6 at time 7
2025-01-05 18:13:46,443 - INFO - ROUTING: Job 3 to machine 1 at time 7
2025-01-05 18:13:46,443 - INFO - ROUTING Log:
+-------+-----------+----------------------------------+-------------------+-------------------+
| queue | queue[0]. |           routing_data           | machine_condition |    current_pt     |
+-------+-----------+----------------------------------+-------------------+-------------------+
|  [3]  |    [3]    | [[43, 36, 2, 0], [21, 14, 1, 0]] |       [1 1]       | [array([24, 16])] |
+-------+-----------+----------------------------------+-------------------+-------------------+
2025-01-05 18:13:46,443 - INFO - completion: Job 6 leave machine 3 at time 8
2025-01-05 18:13:46,444 - INFO - OPERATION: Job 6 output from machine 3 at time 8
2025-01-05 18:13:46,444 - INFO - One queue: Machine 3 process job 7 at time 8
2025-01-05 18:13:46,444 - INFO - ROUTING: Job 6 to machine 1 at time 8
2025-01-05 18:13:46,445 - INFO - ROUTING Log:
+-------+-----------+----------------------------------+-------------------+-------------------+
| queue | queue[0]. |           routing_data           | machine_condition |    current_pt     |
+-------+-----------+----------------------------------+-------------------+-------------------+
|  [6]  |    [6]    | [[43, 35, 2, 0], [37, 29, 2, 0]] |       [1 1]       | [array([16,  5])] |
+-------+-----------+----------------------------------+-------------------+-------------------+
2025-01-05 18:13:46,445 - INFO - completion: Job 2 leave machine 2 at time 10
2025-01-05 18:13:46,445 - INFO - OPERATION: Job 2 output from machine 2 at time 10
2025-01-05 18:13:46,445 - INFO - ROUTING: Job 2 to machine 1 at time 10
2025-01-05 18:13:46,446 - INFO - ROUTING Log:
+-------+-----------+----------------------------------+-------------------+-------------------+
| queue | queue[0]. |           routing_data           | machine_condition |    current_pt     |
+-------+-----------+----------------------------------+-------------------+-------------------+
|  [2]  |    [2]    | [[43, 33, 2, 0], [42, 32, 3, 0]] |       [1 1]       | [array([23,  4])] |
+-------+-----------+----------------------------------+-------------------+-------------------+
2025-01-05 18:13:46,447 - INFO - ROUTING: Job 8 to machine 5 at time 18.0
2025-01-05 18:13:46,448 - INFO - ROUTING Log:
+-------+-----------+-----------------------------------+-------------------+-----------------+
| queue | queue[0]. |           routing_data            | machine_condition |   current_pt    |
+-------+-----------+-----------------------------------+-------------------+-----------------+
|  [8]  |    [8]    | [[22, 4.0, 1, 0], [0.0, 0, 0, 5]] |       [1 1]       | [array([2, 3])] |
+-------+-----------+-----------------------------------+-------------------+-----------------+
2025-01-05 18:13:46,448 - INFO - One queue: Machine 5 process job 8 at time 18.0
2025-01-05 18:13:46,448 - INFO - completion: Job 0 leave machine 0 at time 20
2025-01-05 18:13:46,448 - INFO - OPERATION: Job 0 output from machine 0 at time 20
2025-01-05 18:13:46,448 - INFO - One queue: Machine 0 process job 5 at time 20
2025-01-05 18:13:46,449 - INFO - ROUTING: Job 0 to machine 2 at time 20
2025-01-05 18:13:46,449 - INFO - ROUTING Log:
+-------+-----------+----------------------------------+-------------------+-------------------+
| queue | queue[0]. |           routing_data           | machine_condition |    current_pt     |
+-------+-----------+----------------------------------+-------------------+-------------------+
|  [0]  |    [0]    | [[0.0, 0, 0, 10], [20, 8, 1, 8]] |       [1 1]       | [array([ 3, 15])] |
+-------+-----------+----------------------------------+-------------------+-------------------+
2025-01-05 18:13:46,450 - INFO - One queue: Machine 2 process job 0 at time 20
2025-01-05 18:13:46,450 - INFO - completion: Job 1 leave machine 1 at time 21
2025-01-05 18:13:46,450 - INFO - OPERATION: Job 1 output from machine 1 at time 21
2025-01-05 18:13:46,452 - INFO - Production Log:
+------------+------------------+--------------------+---------+------------------------------------+---------------+------------------+---------------+------------+------------------+-----------------+-------------+--------+-----------+-------+
| current_pt | remaining_job_pt | np.array(due_list) | env.now |          completion_rate           | time_till_due |      slack       |     winq      |    avlm    |     next_pt      | remaining_no_op | waited_time | wc_idx |   queue   | m_idx |
+------------+------------------+--------------------+---------+------------------------------------+---------------+------------------+---------------+------------+------------------+-----------------+-------------+--------+-----------+-------+
| [16  5  4] | [20.5  8.  11.5] |   [91. 44. 39.]    |   21    | [0.33333333 0.33333333 0.33333333] | [70. 23. 18.] | [33.5 10.   2.5] | [11. 11. 11.] | [2. 2. 2.] | [20.5  8.  11.5] |     [1 1 1]     |   [0 0 0]   |   0    | [3, 6, 2] |   1   |
+------------+------------------+--------------------+---------+------------------------------------+---------------+------------------+---------------+------------+------------------+-----------------+-------------+--------+-----------+-------+
2025-01-05 18:13:46,453 - INFO - Sequencing: Machine 1 choose job 3 at time 21
2025-01-05 18:13:46,453 - INFO - completion: Job 8 leave machine 5 at time 21.0
2025-01-05 18:13:46,453 - INFO - OPERATION: Job 8 output from machine 5 at time 21.0
2025-01-05 18:13:46,453 - INFO - ROUTING: Job 1 to machine 2 at time 21
2025-01-05 18:13:46,454 - INFO - ROUTING Log:
+--------+-----------+--------------------------------+-------------------+-------------------+
| queue  | queue[0]. |          routing_data          | machine_condition |    current_pt     |
+--------+-----------+--------------------------------+-------------------+-------------------+
| [1, 8] |    [1]    | [[3, 2, 1, 10], [20, 7, 1, 8]] |       [1 1]       | [array([ 1, 17])] |
+--------+-----------+--------------------------------+-------------------+-------------------+
2025-01-05 18:13:46,454 - INFO - ROUTING: Job 8 to machine 2 at time 21
2025-01-05 18:13:46,454 - INFO - ROUTING Log:
+-------+-----------+--------------------------------+-------------------+-------------------+
| queue | queue[0]. |          routing_data          | machine_condition |    current_pt     |
+-------+-----------+--------------------------------+-------------------+-------------------+
|  [8]  |    [8]    | [[4, 3, 2, 10], [20, 7, 1, 8]] |       [1 1]       | [array([14,  5])] |
+-------+-----------+--------------------------------+-------------------+-------------------+
2025-01-05 18:13:46,455 - INFO - completion: Job 4 leave machine 4 at time 22
2025-01-05 18:13:46,455 - INFO - OPERATION: Job 4 output from machine 4 at time 22
2025-01-05 18:13:46,455 - INFO - ROUTING: Job 4 to machine 0 at time 22
2025-01-05 18:13:46,456 - INFO - ROUTING Log:
+-------+-----------+------------------------------------+-------------------+-----------------+
| queue | queue[0]. |            routing_data            | machine_condition |   current_pt    |
+-------+-----------+------------------------------------+-------------------+-----------------+
|  [4]  |    [4]    | [[23, 21, 1, 20], [25, 24, 3, 21]] |       [1 1]       | [array([2, 6])] |
+-------+-----------+------------------------------------+-------------------+-----------------+
2025-01-05 18:13:46,456 - INFO - completion: Job 0 leave machine 2 at time 23
2025-01-05 18:13:46,456 - INFO - OPERATION: Job 0 output from machine 2 at time 23
2025-01-05 18:13:46,458 - INFO - Production Log:
+------------+------------------+--------------------+---------+-------------------------+---------------+-------------+-----------+-------------+-------------+-----------------+-------------+--------+--------+-------+
| current_pt | remaining_job_pt | np.array(due_list) | env.now |     completion_rate     | time_till_due |    slack    |   winq    |    avlm     |   next_pt   | remaining_no_op | waited_time | wc_idx | queue  | m_idx |
+------------+------------------+--------------------+---------+-------------------------+---------------+-------------+-----------+-------------+-------------+-----------------+-------------+--------+--------+-------+
|  [ 1 14]   |   [ 7.5 18. ]    |     [41. 67.]      |   23    | [0.33333333 0.33333333] |   [18. 44.]   | [ 9.5 12. ] | [11. 24.] | [ 2.  22.5] | [ 7.5 18. ] |      [1 1]      |    [0 0]    |   1    | [1, 8] |   2   |
+------------+------------------+--------------------+---------+-------------------------+---------------+-------------+-----------+-------------+-------------+-----------------+-------------+--------+--------+-------+
2025-01-05 18:13:46,458 - INFO - Sequencing: Machine 2 choose job 1 at time 23
2025-01-05 18:13:46,458 - INFO - ROUTING: Job 0 to machine 4 at time 23
2025-01-05 18:13:46,459 - INFO - ROUTING Log:
+-------+-----------+-----------------------------------+-------------------+-------------------+
| queue | queue[0]. |           routing_data            | machine_condition |    current_pt     |
+-------+-----------+-----------------------------------+-------------------+-------------------+
|  [0]  |    [0]    | [[0.0, 0, 0, 22], [0.0, 0, 0, 8]] |       [1 1]       | [array([14, 15])] |
+-------+-----------+-----------------------------------+-------------------+-------------------+
2025-01-05 18:13:46,459 - INFO - One queue: Machine 4 process job 0 at time 23
2025-01-05 18:13:46,459 - INFO - completion: Job 1 leave machine 2 at time 24
2025-01-05 18:13:46,459 - INFO - OPERATION: Job 1 output from machine 2 at time 24
2025-01-05 18:13:46,459 - INFO - One queue: Machine 2 process job 8 at time 24
2025-01-05 18:13:46,460 - INFO - ROUTING: Job 1 to machine 5 at time 24
2025-01-05 18:13:46,460 - INFO - ROUTING Log:
+-------+-----------+-----------------------------------+-------------------+-------------------+
| queue | queue[0]. |           routing_data            | machine_condition |    current_pt     |
+-------+-----------+-----------------------------------+-------------------+-------------------+
|  [1]  |    [1]    | [[14, 13, 1, 22], [0.0, 0, 0, 8]] |       [1 1]       | [array([ 1, 14])] |
+-------+-----------+-----------------------------------+-------------------+-------------------+
2025-01-05 18:13:46,460 - INFO - One queue: Machine 5 process job 1 at time 24
2025-01-05 18:13:46,461 - INFO - completion: Job 7 leave machine 3 at time 28
2025-01-05 18:13:46,461 - INFO - OPERATION: Job 7 output from machine 3 at time 28
2025-01-05 18:13:46,461 - INFO - ROUTING: Job 7 to machine 4 at time 28
2025-01-05 18:13:46,462 - INFO - ROUTING Log:
+-------+-----------+----------------------------------+-------------------+-----------------+
| queue | queue[0]. |           routing_data           | machine_condition |   current_pt    |
+-------+-----------+----------------------------------+-------------------+-----------------+
|  [7]  |    [7]    | [[14, 9, 1, 22], [14, 10, 1, 8]] |       [1 1]       | [array([9, 1])] |
+-------+-----------+----------------------------------+-------------------+-----------------+
2025-01-05 18:13:46,462 - INFO - ROUTING: Job 9 to machine 5 at time 31.0
2025-01-05 18:13:46,463 - INFO - ROUTING Log:
+-------+-----------+--------------------------------------+-------------------+-----------------+
| queue | queue[0]. |             routing_data             | machine_condition |   current_pt    |
+-------+-----------+--------------------------------------+-------------------+-----------------+
|  [9]  |    [9]    | [[23, 15.0, 2, 22], [14, 7.0, 1, 8]] |       [1 1]       | [array([4, 6])] |
+-------+-----------+--------------------------------------+-------------------+-----------------+
2025-01-05 18:13:46,463 - INFO - completion: Job 3 leave machine 1 at time 37
2025-01-05 18:13:46,463 - INFO - OPERATION: Job 3 output from machine 1 at time 37
2025-01-05 18:13:46,466 - INFO - Production Log:
+------------+------------------+--------------------+---------+-------------------------+---------------+---------------+-------------+-----------+-------------+-----------------+-------------+--------+--------+-------+
| current_pt | remaining_job_pt | np.array(due_list) | env.now |     completion_rate     | time_till_due |     slack     |    winq     |   avlm    |   next_pt   | remaining_no_op | waited_time | wc_idx | queue  | m_idx |
+------------+------------------+--------------------+---------+-------------------------+---------------+---------------+-------------+-----------+-------------+-----------------+-------------+--------+--------+-------+
|   [5 4]    |   [ 8.  11.5]    |     [44. 39.]      |   37    | [0.33333333 0.33333333] |    [7. 2.]    | [ -6.  -13.5] | [18.5 18.5] | [11. 11.] | [ 8.  11.5] |      [1 1]      |   [16 16]   |   0    | [6, 2] |   1   |
+------------+------------------+--------------------+---------+-------------------------+---------------+---------------+-------------+-----------+-------------+-----------------+-------------+--------+--------+-------+
2025-01-05 18:13:46,466 - INFO - Sequencing: Machine 1 choose job 6 at time 37
2025-01-05 18:13:46,466 - INFO - completion: Job 0 leave machine 4 at time 37
2025-01-05 18:13:46,466 - INFO - **FINISHED: Job 0 from machine 4 at time 37
2025-01-05 18:13:46,466 - INFO - One queue: Machine 4 process job 7 at time 37
2025-01-05 18:13:46,467 - INFO - ROUTING: Job 3 to machine 5 at time 37
2025-01-05 18:13:46,467 - INFO - ROUTING Log:
+-------+-----------+--------------------------------+-------------------+-------------------+
| queue | queue[0]. |          routing_data          | machine_condition |    current_pt     |
+-------+-----------+--------------------------------+-------------------+-------------------+
|  [3]  |    [3]    | [[9, 9, 1, 36], [20, 7, 2, 8]] |       [1 1]       | [array([22, 19])] |
+-------+-----------+--------------------------------+-------------------+-------------------+
2025-01-05 18:13:46,468 - INFO - completion: Job 8 leave machine 2 at time 38
2025-01-05 18:13:46,468 - INFO - OPERATION: Job 8 output from machine 2 at time 38
2025-01-05 18:13:46,468 - INFO - completion: Job 1 leave machine 5 at time 38
2025-01-05 18:13:46,468 - INFO - **FINISHED: Job 1 from machine 5 at time 38
2025-01-05 18:13:46,470 - INFO - Production Log:
+------------+------------------+--------------------+---------+-------------------------+---------------+-------------+-----------+-------------+---------+-----------------+-------------+--------+--------+-------+
| current_pt | remaining_job_pt | np.array(due_list) | env.now |     completion_rate     | time_till_due |    slack    |   winq    |    avlm     | next_pt | remaining_no_op | waited_time | wc_idx | queue  | m_idx |
+------------+------------------+--------------------+---------+-------------------------+---------------+-------------+-----------+-------------+---------+-----------------+-------------+--------+--------+-------+
|  [ 6 19]   |   [14.5  0. ]    |     [57. 91.]      |   38    | [0.         0.66666667] |   [19. 53.]   | [-1.5 34. ] | [24.  0.] | [22.5  0. ] | [7. 0.] |      [2 0]      |    [0 0]    |   2    | [9, 3] |   5   |
+------------+------------------+--------------------+---------+-------------------------+---------------+-------------+-----------+-------------+---------+-----------------+-------------+--------+--------+-------+
2025-01-05 18:13:46,470 - INFO - Sequencing: Machine 5 choose job 9 at time 38
2025-01-05 18:13:46,471 - INFO - ROUTING: Job 8 to machine 0 at time 38
2025-01-05 18:13:46,472 - INFO - ROUTING Log:
+-------+-----------+---------------------------------+-------------------+-------------------+
| queue | queue[0]. |          routing_data           | machine_condition |    current_pt     |
+-------+-----------+---------------------------------+-------------------+-------------------+
|  [8]  |    [8]    | [[25, 7, 2, 20], [9, 8, 2, 37]] |       [1 1]       | [array([22, 14])] |
+-------+-----------+---------------------------------+-------------------+-------------------+
2025-01-05 18:13:46,472 - INFO - completion: Job 6 leave machine 1 at time 42
2025-01-05 18:13:46,472 - INFO - OPERATION: Job 6 output from machine 1 at time 42
2025-01-05 18:13:46,472 - INFO - One queue: Machine 1 process job 2 at time 42
2025-01-05 18:13:46,473 - INFO - ROUTING: Job 6 to machine 4 at time 42
2025-01-05 18:13:46,473 - INFO - ROUTING Log:
+-------+-----------+----------------------------------+-------------------+-------------------+
| queue | queue[0]. |           routing_data           | machine_condition |    current_pt     |
+-------+-----------+----------------------------------+-------------------+-------------------+
|  [6]  |    [6]    | [[9, 4, 1, 36], [25, 21, 2, 22]] |       [1 1]       | [array([ 6, 10])] |
+-------+-----------+----------------------------------+-------------------+-------------------+
2025-01-05 18:13:46,473 - INFO - completion: Job 5 leave machine 0 at time 43
2025-01-05 18:13:46,473 - INFO - OPERATION: Job 5 output from machine 0 at time 43
2025-01-05 18:13:46,477 - INFO - Production Log:
+------------+------------------+--------------------+---------+-------------------------+---------------+-------------+-----------+---------+-----------+-----------------+-------------+--------+--------+-------+
| current_pt | remaining_job_pt | np.array(due_list) | env.now |     completion_rate     | time_till_due |    slack    |   winq    |  avlm   |  next_pt  | remaining_no_op | waited_time | wc_idx | queue  | m_idx |
+------------+------------------+--------------------+---------+-------------------------+---------------+-------------+-----------+---------+-----------+-----------------+-------------+--------+--------+-------+
|  [ 2 22]   |    [9.5 0. ]     |     [49. 67.]      |   43    | [0.33333333 0.66666667] |   [ 6. 24.]   | [-5.5  2. ] | [12.  0.] | [5. 0.] | [9.5 0. ] |      [1 0]      |    [0 0]    |   0    | [4, 8] |   0   |
+------------+------------------+--------------------+---------+-------------------------+---------------+-------------+-----------+---------+-----------+-----------------+-------------+--------+--------+-------+
2025-01-05 18:13:46,477 - INFO - Sequencing: Machine 0 choose job 4 at time 43
2025-01-05 18:13:46,477 - INFO - ROUTING: Job 5 to machine 2 at time 43
2025-01-05 18:13:46,478 - INFO - ROUTING Log:
+-------+-----------+------------------------------------+-------------------+-------------------+
| queue | queue[0]. |            routing_data            | machine_condition |    current_pt     |
+-------+-----------+------------------------------------+-------------------+-------------------+
|  [5]  |    [5]    | [[0.0, 0, 0, 28], [0.0, 0, 0, 28]] |       [1 1]       | [array([17, 21])] |
+-------+-----------+------------------------------------+-------------------+-------------------+
2025-01-05 18:13:46,478 - INFO - One queue: Machine 2 process job 5 at time 43
2025-01-05 18:13:46,478 - INFO - completion: Job 9 leave machine 5 at time 44
2025-01-05 18:13:46,478 - INFO - OPERATION: Job 9 output from machine 5 at time 44
2025-01-05 18:13:46,478 - INFO - One queue: Machine 5 process job 3 at time 44
2025-01-05 18:13:46,479 - INFO - ROUTING: Job 9 to machine 1 at time 44
2025-01-05 18:13:46,479 - INFO - ROUTING Log:
+-------+-----------+----------------------------------+-------------------+-------------------+
| queue | queue[0]. |           routing_data           | machine_condition |    current_pt     |
+-------+-----------+----------------------------------+-------------------+-------------------+
|  [9]  |    [9]    | [[24, 23, 2, 43], [4, 2, 1, 42]] |       [1 1]       | [array([13,  1])] |
+-------+-----------+----------------------------------+-------------------+-------------------+
2025-01-05 18:13:46,479 - INFO - completion: Job 4 leave machine 0 at time 45
2025-01-05 18:13:46,479 - INFO - OPERATION: Job 4 output from machine 0 at time 45
2025-01-05 18:13:46,480 - INFO - One queue: Machine 0 process job 8 at time 45
2025-01-05 18:13:46,480 - INFO - ROUTING: Job 4 to machine 3 at time 45
2025-01-05 18:13:46,480 - INFO - ROUTING Log:
+-------+-----------+------------------------------------+-------------------+-------------------+
| queue | queue[0]. |            routing_data            | machine_condition |    current_pt     |
+-------+-----------+------------------------------------+-------------------+-------------------+
|  [4]  |    [4]    | [[17, 15, 1, 28], [0.0, 0, 0, 28]] |       [1 1]       | [array([ 6, 13])] |
+-------+-----------+------------------------------------+-------------------+-------------------+
2025-01-05 18:13:46,481 - INFO - One queue: Machine 3 process job 4 at time 45
2025-01-05 18:13:46,481 - INFO - completion: Job 7 leave machine 4 at time 46
2025-01-05 18:13:46,481 - INFO - OPERATION: Job 7 output from machine 4 at time 46
2025-01-05 18:13:46,481 - INFO - One queue: Machine 4 process job 6 at time 46
2025-01-05 18:13:46,481 - INFO - completion: Job 2 leave machine 1 at time 46
2025-01-05 18:13:46,481 - INFO - OPERATION: Job 2 output from machine 1 at time 46
2025-01-05 18:13:46,481 - INFO - One queue: Machine 1 process job 9 at time 46
2025-01-05 18:13:46,482 - INFO - ROUTING: Job 7 to machine 1 at time 46
2025-01-05 18:13:46,482 - INFO - ROUTING Log:
+-------+-----------+----------------------------------+-------------------+-------------------+
| queue | queue[0]. |           routing_data           | machine_condition |    current_pt     |
+-------+-----------+----------------------------------+-------------------+-------------------+
|  [7]  |    [7]    | [[22, 21, 1, 45], [1, 1, 1, 46]] |       [1 1]       | [array([ 5, 24])] |
+-------+-----------+----------------------------------+-------------------+-------------------+
2025-01-05 18:13:46,482 - INFO - ROUTING: Job 2 to machine 4 at time 46
2025-01-05 18:13:46,483 - INFO - ROUTING Log:
+-------+-----------+----------------------------------+-------------------+-------------------+
| queue | queue[0]. |           routing_data           | machine_condition |    current_pt     |
+-------+-----------+----------------------------------+-------------------+-------------------+
|  [2]  |    [2]    | [[6, 6, 1, 45], [19, 17, 1, 28]] |       [1 1]       | [array([17,  6])] |
+-------+-----------+----------------------------------+-------------------+-------------------+
2025-01-05 18:13:46,483 - INFO - completion: Job 9 leave machine 1 at time 47
2025-01-05 18:13:46,483 - INFO - OPERATION: Job 9 output from machine 1 at time 47
2025-01-05 18:13:46,483 - INFO - One queue: Machine 1 process job 7 at time 47
2025-01-05 18:13:46,484 - INFO - ROUTING: Job 9 to machine 3 at time 47
2025-01-05 18:13:46,484 - INFO - ROUTING Log:
+-------+-----------+------------------------------------+-------------------+-------------------+
| queue | queue[0]. |            routing_data            | machine_condition |    current_pt     |
+-------+-----------+------------------------------------+-------------------+-------------------+
|  [9]  |    [9]    | [[17, 13, 1, 28], [13, 11, 1, 28]] |       [1 1]       | [array([13,  2])] |
+-------+-----------+------------------------------------+-------------------+-------------------+
2025-01-05 18:13:46,484 - INFO - completion: Job 6 leave machine 4 at time 52
2025-01-05 18:13:46,484 - INFO - **FINISHED: Job 6 from machine 4 at time 52
2025-01-05 18:13:46,484 - INFO - One queue: Machine 4 process job 2 at time 52
2025-01-05 18:13:46,485 - INFO - completion: Job 4 leave machine 3 at time 58
2025-01-05 18:13:46,485 - INFO - **FINISHED: Job 4 from machine 3 at time 58
2025-01-05 18:13:46,485 - INFO - One queue: Machine 3 process job 9 at time 58
2025-01-05 18:13:46,485 - INFO - completion: Job 5 leave machine 2 at time 60
2025-01-05 18:13:46,485 - INFO - **FINISHED: Job 5 from machine 2 at time 60
2025-01-05 18:13:46,485 - INFO - completion: Job 9 leave machine 3 at time 60
2025-01-05 18:13:46,485 - INFO - **FINISHED: Job 9 from machine 3 at time 60
2025-01-05 18:13:46,485 - INFO - completion: Job 3 leave machine 5 at time 63
2025-01-05 18:13:46,485 - INFO - **FINISHED: Job 3 from machine 5 at time 63
2025-01-05 18:13:46,486 - INFO - completion: Job 8 leave machine 0 at time 67
2025-01-05 18:13:46,486 - INFO - **FINISHED: Job 8 from machine 0 at time 67
2025-01-05 18:13:46,486 - INFO - completion: Job 2 leave machine 4 at time 69
2025-01-05 18:13:46,486 - INFO - **FINISHED: Job 2 from machine 4 at time 69
2025-01-05 18:13:46,486 - INFO - completion: Job 7 leave machine 1 at time 71
2025-01-05 18:13:46,486 - INFO - **FINISHED: Job 7 from machine 1 at time 71
2025-01-05 18:13:48,901 - INFO - Production Log:
+------+---------+---------------------+------+------+-----+-------+
| idx. |  sqc.   |       proc.t.       |  in  | due  | out | tard. |
+------+---------+---------------------+------+------+-----+-------+
|  0   | [0 1 2] | [20  1  3 15 14 15] |  0   | 60.0 | 37  |  0.0  |
|  1   | [0 1 2] | [12 21  1 17  1 14] |  0   | 41.0 | 38  |  0.0  |
|  2   | [1 0 2] | [23  4 10  1 17  6] |  0   | 39.0 | 69  | 30.0  |
|  3   | [1 0 2] | [24 16 19  7 22 19] |  0   | 91.0 | 63  |  0.0  |
|  4   | [2 0 1] | [ 2  6  6 13 22 16] |  0   | 49.0 | 58  |  9.0  |
|  5   | [2 0 1] | [23 22 17 21 23  5] |  0   | 59.0 | 60  |  1.0  |
|  6   | [1 0 2] | [16  5 21  1  6 10] | 2.0  | 44.0 | 52  |  8.0  |
|  7   | [1 2 0] | [ 5 24  7 20  9  1] | 5.0  | 58.0 | 71  | 13.0  |
|  8   | [2 1 0] | [22 14 14  5  2  3] | 18.0 | 67.0 | 67  |  0.0  |
|  9   | [2 0 1] | [13  1 13  2  4  6] | 31.0 | 57.0 | 60  |  3.0  |
+------+---------+---------------------+------+------+-----+-------+
